  WaveSpawnObject.cpp
d:\digipen\llamacats\2dgameenginetowerdefence\src\wavespawnobject.cpp(27): warning C4996: 'fopen': This function or variable may be unsafe. Consider using fopen_s instead. To disable deprecation, use _CRT_SECURE_NO_WARNINGS. See online help for details.
  c:\program files (x86)\windows kits\10\include\10.0.15063.0\ucrt\stdio.h(207): note: see declaration of 'fopen'
d:\digipen\llamacats\2dgameenginetowerdefence\src\wavespawnobject.cpp(32): warning C4996: 'fscanf': This function or variable may be unsafe. Consider using fscanf_s instead. To disable deprecation, use _CRT_SECURE_NO_WARNINGS. See online help for details.
  c:\program files (x86)\windows kits\10\include\10.0.15063.0\ucrt\stdio.h(1195): note: see declaration of 'fscanf'
d:\digipen\llamacats\2dgameenginetowerdefence\src\wavespawnobject.cpp(35): warning C4996: 'fscanf': This function or variable may be unsafe. Consider using fscanf_s instead. To disable deprecation, use _CRT_SECURE_NO_WARNINGS. See online help for details.
  c:\program files (x86)\windows kits\10\include\10.0.15063.0\ucrt\stdio.h(1195): note: see declaration of 'fscanf'
d:\digipen\llamacats\2dgameenginetowerdefence\src\wavespawnobject.cpp(37): warning C4996: 'fscanf': This function or variable may be unsafe. Consider using fscanf_s instead. To disable deprecation, use _CRT_SECURE_NO_WARNINGS. See online help for details.
  c:\program files (x86)\windows kits\10\include\10.0.15063.0\ucrt\stdio.h(1195): note: see declaration of 'fscanf'
d:\digipen\llamacats\2dgameenginetowerdefence\src\wavespawnobject.cpp(38): warning C4996: 'fscanf': This function or variable may be unsafe. Consider using fscanf_s instead. To disable deprecation, use _CRT_SECURE_NO_WARNINGS. See online help for details.
  c:\program files (x86)\windows kits\10\include\10.0.15063.0\ucrt\stdio.h(1195): note: see declaration of 'fscanf'
d:\digipen\llamacats\2dgameenginetowerdefence\src\wavespawnobject.cpp(39): warning C4996: 'fscanf': This function or variable may be unsafe. Consider using fscanf_s instead. To disable deprecation, use _CRT_SECURE_NO_WARNINGS. See online help for details.
  c:\program files (x86)\windows kits\10\include\10.0.15063.0\ucrt\stdio.h(1195): note: see declaration of 'fscanf'
  Vector2D.c
d:\digipen\llamacats\2dgameenginetowerdefence\src\vector2d.c(64): warning C4244: '=': conversion from 'double' to 'float', possible loss of data
d:\digipen\llamacats\2dgameenginetowerdefence\src\vector2d.c(72): warning C4244: 'return': conversion from 'double' to 'float', possible loss of data
d:\digipen\llamacats\2dgameenginetowerdefence\src\vector2d.c(103): warning C4244: 'return': conversion from 'double' to 'float', possible loss of data
d:\digipen\llamacats\2dgameenginetowerdefence\src\vector2d.c(118): warning C4244: 'return': conversion from 'double' to 'float', possible loss of data
d:\digipen\llamacats\2dgameenginetowerdefence\src\vector2d.c(140): warning C4244: '=': conversion from 'double' to 'float', possible loss of data
d:\digipen\llamacats\2dgameenginetowerdefence\src\vector2d.c(141): warning C4244: '=': conversion from 'double' to 'float', possible loss of data
d:\digipen\llamacats\2dgameenginetowerdefence\src\vector2d.c(148): warning C4244: '=': conversion from 'double' to 'float', possible loss of data
d:\digipen\llamacats\2dgameenginetowerdefence\src\vector2d.c(149): warning C4244: '=': conversion from 'double' to 'float', possible loss of data
  TowerBehavior.cpp
  TileSetFunctions.c
d:\digipen\llamacats\2dgameenginetowerdefence\src\tilesetfunctions.c(108): warning C4244: 'argument': conversion from 'double' to 'float', possible loss of data
d:\digipen\llamacats\2dgameenginetowerdefence\src\tilesetfunctions.c(108): warning C4244: 'argument': conversion from 'int' to 'float', possible loss of data
  TextObject.cpp
  TextManager.cpp
  popupMenu.cpp
d:\digipen\llamacats\2dgameenginetowerdefence\src\popupmenu.cpp(97): warning C4305: 'argument': truncation from 'double' to 'float'
d:\digipen\llamacats\2dgameenginetowerdefence\src\popupmenu.cpp(111): warning C4305: 'argument': truncation from 'double' to 'float'
  PlayerBehavior.cpp
d:\digipen\llamacats\2dgameenginetowerdefence\src\playerbehavior.cpp(135): warning C4244: 'initializing': conversion from 'float' to 'int', possible loss of data
  PhysicsMovement.cpp
  PathObjectScript.cpp
  Particles.cpp
  objects.cpp
  Matrix2D.c
d:\digipen\llamacats\2dgameenginetowerdefence\src\matrix2d.c(125): warning C4244: '=': conversion from 'double' to 'float', possible loss of data
d:\digipen\llamacats\2dgameenginetowerdefence\src\matrix2d.c(126): warning C4244: '=': conversion from 'double' to 'float', possible loss of data
d:\digipen\llamacats\2dgameenginetowerdefence\src\matrix2d.c(128): warning C4244: '=': conversion from 'double' to 'float', possible loss of data
d:\digipen\llamacats\2dgameenginetowerdefence\src\matrix2d.c(129): warning C4244: '=': conversion from 'double' to 'float', possible loss of data
d:\digipen\llamacats\2dgameenginetowerdefence\src\matrix2d.c(144): warning C4244: '=': conversion from 'double' to 'float', possible loss of data
d:\digipen\llamacats\2dgameenginetowerdefence\src\matrix2d.c(145): warning C4244: '=': conversion from 'double' to 'float', possible loss of data
d:\digipen\llamacats\2dgameenginetowerdefence\src\matrix2d.c(147): warning C4244: '=': conversion from 'double' to 'float', possible loss of data
d:\digipen\llamacats\2dgameenginetowerdefence\src\matrix2d.c(148): warning C4244: '=': conversion from 'double' to 'float', possible loss of data
  Math2D.c
d:\digipen\llamacats\2dgameenginetowerdefence\src\math2d.c(24): warning C4244: 'initializing': conversion from 'double' to 'float', possible loss of data
d:\digipen\llamacats\2dgameenginetowerdefence\src\math2d.c(62): warning C4244: 'initializing': conversion from 'double' to 'float', possible loss of data
d:\digipen\llamacats\2dgameenginetowerdefence\src\math2d.c(77): warning C4244: 'initializing': conversion from 'float' to 'int', possible loss of data
d:\digipen\llamacats\2dgameenginetowerdefence\src\math2d.c(88): warning C4244: 'return': conversion from 'float' to 'int', possible loss of data
  main.cpp
  GUI_Buttons.cpp
  GameState_Start.cpp
d:\digipen\llamacats\2dgameenginetowerdefence\src\gamestate_start.cpp(137): warning C4244: '+=': conversion from 'f64' to 'float', possible loss of data
  GameState_Lose.cpp
  GameState_LevelSelect.cpp
d:\digipen\llamacats\2dgameenginetowerdefence\src\gamestate_levelselect.cpp(125): warning C4244: '+=': conversion from 'f64' to 'float', possible loss of data
  GameState_Level1.cpp
d:\digipen\llamacats\2dgameenginetowerdefence\src\gamestate_level1.cpp(109): warning C4091: 'extern ': ignored on left of 'LEVEL' when no variable is declared
d:\digipen\llamacats\2dgameenginetowerdefence\src\gamestate_level1.cpp(551): warning C4244: '=': conversion from 'int' to 'float', possible loss of data
d:\digipen\llamacats\2dgameenginetowerdefence\src\gamestate_level1.cpp(554): warning C4244: '=': conversion from 'int' to 'float', possible loss of data
d:\digipen\llamacats\2dgameenginetowerdefence\src\gamestate_level1.cpp(557): warning C4244: '=': conversion from 'int' to 'float', possible loss of data
d:\digipen\llamacats\2dgameenginetowerdefence\src\gamestate_level1.cpp(560): warning C4244: '=': conversion from 'int' to 'float', possible loss of data
d:\digipen\llamacats\2dgameenginetowerdefence\src\gamestate_level1.cpp(658): warning C4552: '-': operator has no effect; expected operator with side-effect
d:\digipen\llamacats\2dgameenginetowerdefence\src\gamestate_level1.cpp(1137): warning C4244: 'argument': conversion from 'double' to 'f32', possible loss of data
d:\digipen\llamacats\2dgameenginetowerdefence\src\gamestate_level1.cpp(1143): warning C4244: 'argument': conversion from 'double' to 'f32', possible loss of data
d:\digipen\llamacats\2dgameenginetowerdefence\src\gamestate_level1.cpp(1201): warning C4244: 'argument': conversion from 'double' to 'f32', possible loss of data
  Generating Code...
d:\digipen\llamacats\2dgameenginetowerdefence\src\gui_buttons.cpp(119): warning C4715: 'createButton': not all control paths return a value
  Compiling...
  GameStateMgr.cpp
  FontMain.cpp
  EnemyMapFunctions.cpp
d:\digipen\llamacats\2dgameenginetowerdefence\src\enemymapfunctions.cpp(12): warning C4005: 'PI': macro redefinition
  d:\digipen\llamacats\2dgameenginetowerdefence\include\aeexport.h(20): note: see previous definition of 'PI'
d:\digipen\llamacats\2dgameenginetowerdefence\src\enemymapfunctions.cpp(20): warning C4091: 'extern ': ignored on left of 'LEVEL' when no variable is declared
d:\digipen\llamacats\2dgameenginetowerdefence\src\enemymapfunctions.cpp(29): warning C4244: 'return': conversion from 'float' to 'int', possible loss of data
d:\digipen\llamacats\2dgameenginetowerdefence\src\enemymapfunctions.cpp(38): warning C4996: 'fopen': This function or variable may be unsafe. Consider using fopen_s instead. To disable deprecation, use _CRT_SECURE_NO_WARNINGS. See online help for details.
  c:\program files (x86)\windows kits\10\include\10.0.15063.0\ucrt\stdio.h(207): note: see declaration of 'fopen'
d:\digipen\llamacats\2dgameenginetowerdefence\src\enemymapfunctions.cpp(51): warning C4996: 'fscanf': This function or variable may be unsafe. Consider using fscanf_s instead. To disable deprecation, use _CRT_SECURE_NO_WARNINGS. See online help for details.
  c:\program files (x86)\windows kits\10\include\10.0.15063.0\ucrt\stdio.h(1195): note: see declaration of 'fscanf'
d:\digipen\llamacats\2dgameenginetowerdefence\src\enemymapfunctions.cpp(36): warning C4101: 's': unreferenced local variable
d:\digipen\llamacats\2dgameenginetowerdefence\src\enemymapfunctions.cpp(94): warning C4244: 'argument': conversion from 'int' to 'float', possible loss of data
d:\digipen\llamacats\2dgameenginetowerdefence\src\enemymapfunctions.cpp(126): warning C4244: 'argument': conversion from 'int' to 'float', possible loss of data
d:\digipen\llamacats\2dgameenginetowerdefence\src\enemymapfunctions.cpp(163): warning C4244: 'argument': conversion from 'int' to 'float', possible loss of data
d:\digipen\llamacats\2dgameenginetowerdefence\src\enemymapfunctions.cpp(214): warning C4244: 'initializing': conversion from 'int' to 'float', possible loss of data
d:\digipen\llamacats\2dgameenginetowerdefence\src\enemymapfunctions.cpp(215): warning C4305: '*=': truncation from 'double' to 'float'
d:\digipen\llamacats\2dgameenginetowerdefence\src\enemymapfunctions.cpp(220): warning C4244: 'argument': conversion from 'int' to 'float', possible loss of data
  EnemyBehavior.cpp
d:\digipen\llamacats\2dgameenginetowerdefence\src\enemybehavior.cpp(63): warning C4305: '=': truncation from 'double' to 'float'
d:\digipen\llamacats\2dgameenginetowerdefence\src\enemybehavior.cpp(73): warning C4305: '=': truncation from 'double' to 'float'
d:\digipen\llamacats\2dgameenginetowerdefence\src\enemybehavior.cpp(82): warning C4305: '=': truncation from 'double' to 'float'
d:\digipen\llamacats\2dgameenginetowerdefence\src\enemybehavior.cpp(91): warning C4305: '=': truncation from 'double' to 'float'
d:\digipen\llamacats\2dgameenginetowerdefence\src\enemybehavior.cpp(102): warning C4305: '=': truncation from 'double' to 'float'
d:\digipen\llamacats\2dgameenginetowerdefence\src\enemybehavior.cpp(114): warning C4305: '=': truncation from 'double' to 'float'
d:\digipen\llamacats\2dgameenginetowerdefence\src\enemybehavior.cpp(123): warning C4305: '=': truncation from 'double' to 'float'
d:\digipen\llamacats\2dgameenginetowerdefence\src\enemybehavior.cpp(161): warning C4305: '-=': truncation from 'double' to 'float'
d:\digipen\llamacats\2dgameenginetowerdefence\src\enemybehavior.cpp(163): warning C4305: '+=': truncation from 'double' to 'float'
d:\digipen\llamacats\2dgameenginetowerdefence\src\enemybehavior.cpp(213): warning C4305: '+=': truncation from 'double' to 'float'
d:\digipen\llamacats\2dgameenginetowerdefence\src\enemybehavior.cpp(217): warning C4305: '-=': truncation from 'double' to 'float'
d:\digipen\llamacats\2dgameenginetowerdefence\src\enemybehavior.cpp(275): warning C4305: '+=': truncation from 'double' to 'float'
d:\digipen\llamacats\2dgameenginetowerdefence\src\enemybehavior.cpp(279): warning C4305: '-=': truncation from 'double' to 'float'
d:\digipen\llamacats\2dgameenginetowerdefence\src\enemybehavior.cpp(286): warning C4244: '=': conversion from 'f64' to 'float', possible loss of data
d:\digipen\llamacats\2dgameenginetowerdefence\src\enemybehavior.cpp(300): warning C4305: '+=': truncation from 'double' to 'float'
  CharacterSet.cpp
  BinaryMap.c
d:\digipen\llamacats\2dgameenginetowerdefence\src\binarymap.c(35): warning C4018: '<': signed/unsigned mismatch
d:\digipen\llamacats\2dgameenginetowerdefence\src\binarymap.c(84): warning C4244: '=': conversion from 'int' to 'float', possible loss of data
d:\digipen\llamacats\2dgameenginetowerdefence\src\binarymap.c(92): warning C4996: 'fopen': This function or variable may be unsafe. Consider using fopen_s instead. To disable deprecation, use _CRT_SECURE_NO_WARNINGS. See online help for details.
  c:\program files (x86)\windows kits\10\include\10.0.15063.0\ucrt\stdio.h(207): note: see declaration of 'fopen'
d:\digipen\llamacats\2dgameenginetowerdefence\src\binarymap.c(95): warning C4996: 'fscanf': This function or variable may be unsafe. Consider using fscanf_s instead. To disable deprecation, use _CRT_SECURE_NO_WARNINGS. See online help for details.
  c:\program files (x86)\windows kits\10\include\10.0.15063.0\ucrt\stdio.h(1195): note: see declaration of 'fscanf'
d:\digipen\llamacats\2dgameenginetowerdefence\src\binarymap.c(96): warning C4996: 'fscanf': This function or variable may be unsafe. Consider using fscanf_s instead. To disable deprecation, use _CRT_SECURE_NO_WARNINGS. See online help for details.
  c:\program files (x86)\windows kits\10\include\10.0.15063.0\ucrt\stdio.h(1195): note: see declaration of 'fscanf'
d:\digipen\llamacats\2dgameenginetowerdefence\src\binarymap.c(110): warning C4996: 'fscanf': This function or variable may be unsafe. Consider using fscanf_s instead. To disable deprecation, use _CRT_SECURE_NO_WARNINGS. See online help for details.
  c:\program files (x86)\windows kits\10\include\10.0.15063.0\ucrt\stdio.h(1195): note: see declaration of 'fscanf'
  animation.cpp
  Generating Code...
animation.obj : warning LNK4075: ignoring '/EDITANDCONTINUE' due to '/SAFESEH' specification
  ProjectLlamaCats.vcxproj -> D:\digipen\llamacats\2DGameEngineTowerDefence\Debug\TowerDefence.exe
  ProjectLlamaCats.vcxproj -> D:\digipen\llamacats\2DGameEngineTowerDefence\Debug\TowerDefence.pdb (Full PDB)
