d:\digipen\llamacats\2dgameenginetowerdefence\debug\vc141.pdb
d:\digipen\llamacats\2dgameenginetowerdefence\debug\vc141.idb
d:\digipen\llamacats\2dgameenginetowerdefence\debug\gamestate_level1.obj
d:\digipen\llamacats\2dgameenginetowerdefence\debug\gamestate_levelselect.obj
d:\digipen\llamacats\2dgameenginetowerdefence\debug\gamestate_lose.obj
d:\digipen\llamacats\2dgameenginetowerdefence\debug\gamestate_start.obj
d:\digipen\llamacats\2dgameenginetowerdefence\debug\gui_buttons.obj
d:\digipen\llamacats\2dgameenginetowerdefence\debug\main.obj
d:\digipen\llamacats\2dgameenginetowerdefence\debug\math2d.obj
d:\digipen\llamacats\2dgameenginetowerdefence\debug\matrix2d.obj
d:\digipen\llamacats\2dgameenginetowerdefence\debug\objects.obj
d:\digipen\llamacats\2dgameenginetowerdefence\debug\particles.obj
d:\digipen\llamacats\2dgameenginetowerdefence\debug\pathobjectscript.obj
d:\digipen\llamacats\2dgameenginetowerdefence\debug\physicsmovement.obj
d:\digipen\llamacats\2dgameenginetowerdefence\debug\playerbehavior.obj
d:\digipen\llamacats\2dgameenginetowerdefence\debug\popupmenu.obj
d:\digipen\llamacats\2dgameenginetowerdefence\debug\textmanager.obj
d:\digipen\llamacats\2dgameenginetowerdefence\debug\textobject.obj
d:\digipen\llamacats\2dgameenginetowerdefence\debug\tilesetfunctions.obj
d:\digipen\llamacats\2dgameenginetowerdefence\debug\towerbehavior.obj
d:\digipen\llamacats\2dgameenginetowerdefence\debug\vector2d.obj
d:\digipen\llamacats\2dgameenginetowerdefence\debug\wavespawnobject.obj
d:\digipen\llamacats\2dgameenginetowerdefence\debug\animation.obj
d:\digipen\llamacats\2dgameenginetowerdefence\debug\binarymap.obj
d:\digipen\llamacats\2dgameenginetowerdefence\debug\characterset.obj
d:\digipen\llamacats\2dgameenginetowerdefence\debug\enemybehavior.obj
d:\digipen\llamacats\2dgameenginetowerdefence\debug\enemymapfunctions.obj
d:\digipen\llamacats\2dgameenginetowerdefence\debug\fontmain.obj
d:\digipen\llamacats\2dgameenginetowerdefence\debug\gamestatemgr.obj
d:\digipen\llamacats\2dgameenginetowerdefence\debug\towerdefence.ilk
d:\digipen\llamacats\2dgameenginetowerdefence\debug\towerdefence.exe
d:\digipen\llamacats\2dgameenginetowerdefence\debug\towerdefence.pdb
d:\digipen\llamacats\2dgameenginetowerdefence\debug\towerdefence.tlog\cl.command.1.tlog
d:\digipen\llamacats\2dgameenginetowerdefence\debug\towerdefence.tlog\cl.read.1.tlog
d:\digipen\llamacats\2dgameenginetowerdefence\debug\towerdefence.tlog\cl.write.1.tlog
d:\digipen\llamacats\2dgameenginetowerdefence\debug\towerdefence.tlog\link.command.1.tlog
d:\digipen\llamacats\2dgameenginetowerdefence\debug\towerdefence.tlog\link.read.1.tlog
d:\digipen\llamacats\2dgameenginetowerdefence\debug\towerdefence.tlog\link.write.1.tlog
