FMOD: SystemI::init                  : FMOD Ex Version: 00042405
FMOD: SystemI::init                  : maxchannels = 64, flags = 00000000, extradriverdata = 00000000
FMOD: SystemI::close                 : 
FMOD: SystemI::close                 : Stop all sounds
FMOD: SystemI::close                 : Remove miscllaneous DSP stuff.
FMOD: SystemI::close                 : done.

FMOD: OutputWASAPI::enumerate        : Enumerating...
FMOD: OutputWASAPI::enumerate        : CoInitialize.
FMOD: OutputWASAPI::enumerate        : Found Driver: "VG245-8 (NVIDIA High Definition Audio)".
FMOD: OutputWASAPI::enumerate        : Found Driver: "Headset Earphone (2- Microsoft LifeChat LX-3000 )".
FMOD: OutputWASAPI::enumerate        : Found Driver: "VG245-0 (NVIDIA High Definition Audio)".
FMOD: OutputWASAPI::enumerate        : Found Driver: "Microphone (Steam Streaming Microphone)".
FMOD: OutputWASAPI::enumerate        : Found Driver: "Headset Microphone (2- Microsoft LifeChat LX-3000 )".
FMOD: OutputWASAPI::enumerate        : Done.
FMOD: OutputWASAPI::initEx           : Initialising...
FMOD: OutputWASAPI::initEx           : Done.
FMOD: SystemI::init                  : Set up software engine
FMOD: Thread::initThread             : Initializing FMOD (WASAPI) feeder thread.  priority 0
FMOD: Thread::initThread             : - Stacksize 0.  Stack pointer 00000000 : usesemaphore = 0 : sleeptime = 0
FMOD: Thread::callback               : * FMOD (WASAPI) feeder thread started
FMOD: Thread::initThread             : done.
FMOD: OutputWASAPI::feederUpdate     : WASAPI feeder thread set to 'Audio' characteristic
FMOD: Thread::initThread             : Initializing FMOD mixer thread.  priority 1
FMOD: Thread::initThread             : - Stacksize 0.  Stack pointer 00000000 : usesemaphore = 1 : sleeptime = 0
FMOD: Thread::callback               : * FMOD mixer thread started
FMOD: Thread::initThread             : done.
FMOD: SystemI::init                  : Set up emulated output
FMOD: SystemI::init                  : create the channel pool
FMOD: SystemI::init                  : Set up streamer
FMOD: Thread::initThread             : Initializing FMOD stream thread.  priority 2
FMOD: Thread::initThread             : - Stacksize 49152.  Stack pointer 00000000 : usesemaphore = 0 : sleeptime = 10
FMOD: Thread::callback               : * FMOD stream thread started
FMOD: Thread::initThread             : done.
FMOD: SystemI::init                  : done

FMOD: SystemI::createSoundInternal   : filename = sounds/bubblePop.wav : mode 00000000
FMOD: SystemI::createSoundInternal   : 19 codecs found.  Scan all until one succeeds
FMOD: CodecTag::openInternal         : attempting to open ID3 or ASF tags..
FMOD: Codec::release                 : 
FMOD: Plugin::release                : (0E497190)
FMOD: Plugin::release                : done
FMOD: Codec::release                 : done
FMOD: CodecCDDA::openInternal        : attempting to open as CDDA..
FMOD: Codec::release                 : 
FMOD: Plugin::release                : (0E497190)
FMOD: Plugin::release                : done
FMOD: Codec::release                 : done
FMOD: CodecFSB::openInternal         : attempting to open as FSB..
FMOD: CodecFSB::openInternal         : Header check failed.  Not an FSB
FMOD: Codec::release                 : 
FMOD: CodecFSB::closeInternal        : 
FMOD: CodecFSB::closeInternal        : done
FMOD: Plugin::release                : (0E497190)
FMOD: Plugin::release                : done
FMOD: Codec::release                 : done
FMOD: CodecVAG::openInternal         : attempting to open as VAG..
FMOD: CodecVAG::openInternal         : 'VAG' ID check failed [RIF]
FMOD: Codec::release                 : 
FMOD: Plugin::release                : (0E497190)
FMOD: Plugin::release                : done
FMOD: Codec::release                 : done
FMOD: CodecWav::openInternal         : attempting to open as WAV..
FMOD: CodecWav::parseRIFF            : chunk : id fmt  size 16
FMOD: CodecWav::parseRIFF            : offset = 28 / 25500
FMOD: CodecWav::parseRIFF            : chunk : id data size 25464
FMOD: CodecWav::parseRIFF            : offset = 25500 / 25500
FMOD: CodecWav::openInternal         : mSrcFormat->wFormatTag = 1
FMOD: CodecWav::openInternal         : mSrcFormat->nChannels = 2
FMOD: CodecWav::openInternal         : mSrcFormat->nSamplesPerSec = 44100
FMOD: CodecWav::openInternal         : mSrcFormat->nAvgBytesPerSec = 176400
FMOD: CodecWav::openInternal         : mSrcFormat->nBlockAlign = 4
FMOD: CodecWav::openInternal         : mSrcFormat->wBitsPerSample = 16
FMOD: CodecWav::openInternal         : mSrcFormat->cbSize = 0
FMOD: SystemI::createSoundInternal   : Format has 0 subsounds.
FMOD: SystemI::createSoundInternal   : Create as FMOD_CREATESAMPLE
FMOD: SystemI::createSoundInternal   : creating subsound 0/0
FMOD: SystemI::createSample          : mode 00000040 length 6366 samples, lengthbytes 25464
FMOD: SystemI::createSample          : subsamples = 1, channels = 2
FMOD: SystemI::createSample          : subsample 0.  output = 0E443F58
FMOD: SystemI::createSample          : mSoftware = 0E443F58
FMOD: OutputSoftware::createSample   : lengthpcm 6366, lengthbytes 25464, channels 2, format 2, mode 00000049
FMOD: OutputSoftware::createSample   : done
FMOD: SystemI::createSample          : done
FMOD: SystemI::createSoundInternal   : No name found in file, use filename.
FMOD: SystemI::createSoundInternal   : done.  OpenState now = FMOD_OPENSTATE_READY.

FMOD: SystemI::createSoundInternal   : filename = sounds/Digital Lemonade.mp3 : mode 00000080
FMOD: SystemI::createSoundInternal   : 19 codecs found.  Scan all until one succeeds
FMOD: CodecTag::openInternal         : attempting to open ID3 or ASF tags..
FMOD: Codec::release                 : 
FMOD: Plugin::release                : (0E496978)
FMOD: Plugin::release                : done
FMOD: Codec::release                 : done
FMOD: CodecCDDA::openInternal        : attempting to open as CDDA..
FMOD: Codec::release                 : 
FMOD: Plugin::release                : (0E496978)
FMOD: Plugin::release                : done
FMOD: Codec::release                 : done
FMOD: CodecFSB::openInternal         : attempting to open as FSB..
FMOD: CodecFSB::openInternal         : Header check failed.  Not an FSB
FMOD: Codec::release                 : 
FMOD: CodecFSB::closeInternal        : 
FMOD: CodecFSB::closeInternal        : done
FMOD: Plugin::release                : (0E496FD8)
FMOD: Plugin::release                : done
FMOD: Codec::release                 : done
FMOD: CodecVAG::openInternal         : attempting to open as VAG..
FMOD: CodecVAG::openInternal         : 'VAG' ID check failed [ÿûÒ]
FMOD: Codec::release                 : 
FMOD: Plugin::release                : (0E49E2A8)
FMOD: Plugin::release                : done
FMOD: Codec::release                 : done
FMOD: CodecWav::openInternal         : attempting to open as WAV..
FMOD: Codec::release                 : 
FMOD: Plugin::release                : (0E496FD8)
FMOD: Plugin::release                : done
FMOD: Codec::release                 : done
FMOD: CodecOggVorbis::openInternal   : attempting to open as OGG..
FMOD: CodecOggVorbis::openInternal   : failed to open as ogg
FMOD: Codec::release                 : 
FMOD: Plugin::release                : (0E49E2A8)
FMOD: Plugin::release                : done
FMOD: Codec::release                 : done
FMOD: CodecAIFF::openInternal        : attempting to open as AIFF..
FMOD: Codec::release                 : 
FMOD: Plugin::release                : (0E496978)
FMOD: Plugin::release                : done
FMOD: Codec::release                 : done
FMOD: CodecFLAC::openInternal        : attempting to open as FLAC..
FMOD: Codec::release                 : 
FMOD: Plugin::release                : (0E496FD8)
FMOD: Plugin::release                : done
FMOD: Codec::release                 : done
FMOD: CodecMOD::openInternal         : attempting to open as MOD..
FMOD: CodecMOD::openInternal         : 'M.K.' etc ID check failed [Ë<:2]
FMOD: Codec::release                 : 
FMOD: Plugin::release                : (0E49E2A8)
FMOD: Plugin::release                : done
FMOD: Codec::release                 : done
FMOD: CodecS3M::openInternal         : attempting to open as S3M..
FMOD: CodecS3M::openInternal         : 'SCRM' ID check failed [Üë3z]
FMOD: Codec::release                 : 
FMOD: Plugin::release                : (0E49E2A8)
FMOD: Plugin::release                : done
FMOD: Codec::release                 : done
FMOD: CodecXM::openInternal          : attempting to open as XM..
FMOD: CodecXM::openInternal          : 'Extended Module: ' ID check failed [ÿûÒFMOD: Codec::release                 : 
FMOD: CodecXM::closeInternal         : 3584
FMOD: CodecXM::closeInternal         : done
FMOD: Plugin::release                : (0E49E2A8)
FMOD: Plugin::release                : done
FMOD: Codec::release                 : done
FMOD: CodecIT::openInternal          : attempting to open as IT..
FMOD: CodecIT::openInternal          : 'IMPM' etc ID check failed [ÿûÒFMOD: Codec::release                 : 
FMOD: Plugin::release                : (0E49E2A8)
FMOD: Plugin::release                : done
FMOD: Codec::release                 : done
FMOD: CodecMIDI::openInternal        : attempting to open as MIDI..
FMOD: CodecMIDI::openInternal        : 'HThd' ID check failed [ÿûÒFMOD: Codec::release                 : 
FMOD: Plugin::release                : (0E49E2A8)
FMOD: Plugin::release                : done
FMOD: Codec::release                 : done
FMOD: CodecDLS::openInternal         : attempting to open as DLS..
FMOD: Codec::release                 : 
FMOD: Plugin::release                : (0E496FD8)
FMOD: Plugin::release                : done
FMOD: Codec::release                 : done
FMOD: CodecASF::openInternal         : attempting to open as ASF..
FMOD: Codec::release                 : 
FMOD: Plugin::release                : (0E496FD8)
FMOD: Plugin::release                : done
FMOD: Codec::release                 : done
FMOD: CodecPlaylist::openInternal    : attempting to open playlist file
FMOD: Codec::release                 : 
FMOD: Plugin::release                : (0E49E2A8)
FMOD: Plugin::release                : done
FMOD: Codec::release                 : done
FMOD: CodecMPEG::openInternal        : attempting to open as MPEG..
FMOD: SystemI::createSoundInternal   : Format has 0 subsounds.
FMOD: SystemI::createSoundInternal   : Create as FMOD_CREATESTREAM
FMOD: System::createSoundInternal    : decode buffersize = 17280 : blocksize = 1152 : format = 2
FMOD: SystemI::createSample          : mode 000000c2 length 17280 samples, lengthbytes 5761986
FMOD: SystemI::createSample          : subsamples = 1, channels = 2
FMOD: SystemI::createSample          : subsample 0.  output = 0E443F58
FMOD: SystemI::createSample          : mSoftware = 0E443F58
FMOD: OutputSoftware::createSample   : lengthpcm 17280, lengthbytes 5761986, channels 2, format 2, mode 000000ca
FMOD: OutputSoftware::createSample   : done
FMOD: SystemI::createSample          : done
FMOD: System::createSoundInternal    : Seek stream to start
FMOD: System::createSoundInternal    : flush stream buffer
FMOD: System::createSoundInternal    : flush successful.
FMOD: System::createSoundInternal    : switch file handle from small blocking single buffered to large nonblocking doublebuffered.
FMOD: Thread::initThread             :     Initializing FMOD file thread.  priority 1
FMOD: Thread::initThread             :     - Stacksize 8192.  Stack pointer 00000000 : usesemaphore = 1 : sleeptime = 0
FMOD: Thread::callback               :     * FMOD file thread started
FMOD: Thread::initThread             :     done.
FMOD: SystemI::createSoundInternal   : No name found in file, use filename.
FMOD: SystemI::createSoundInternal   : done.  OpenState now = FMOD_OPENSTATE_READY.

FMOD: SystemI::close                 : 
FMOD: SystemI::recordStop            : 
FMOD: SystemI::recordStop            : done
FMOD: SystemI::close                 : Stop all sounds
FMOD: Thread::callback               : * FMOD stream thread finished
FMOD: Thread::close                  : FMOD stream thread thread destroyed
FMOD: SystemI::close                 : Stream thread destroyed
FMOD: SystemI::close                 : Shut down streamer and FMOD_NONBLOCKING and FileSystem thread.
FMOD: Thread::callback               : * FMOD file thread finished
FMOD: Thread::close                  : FMOD file thread thread destroyed
FMOD: SystemI::close                 : Free master channel group.
FMOD: SystemI::close                 : Remove 'master' sound group.
FMOD: SystemI::close                 : Shut down output.
FMOD: Thread::callback               : * FMOD (WASAPI) feeder thread finished
FMOD: Thread::close                  : FMOD (WASAPI) feeder thread thread destroyed
FMOD: Thread::callback               : * FMOD mixer thread finished
FMOD: Thread::close                  : FMOD mixer thread thread destroyed
FMOD: OutputWASAPI::close            : Closing...
FMOD: OutputWASAPI::close            : Done.
FMOD: SystemI::close                 : Free software output.
FMOD: SystemI::close                 : Free emulated output.
FMOD: SystemI::close                 : Free channel pool.
FMOD: SystemI::close                 : Remove DSP Soundcard unit.
FMOD: SystemI::close                 : Remove miscllaneous DSP stuff.
FMOD: SystemI::close                 : done.

